TN:
SF:src/build-ast.js
FN:7,buildNode
FN:21,buildNumberValue
FN:30,buildStringValue
FN:43,buildWordApplies
FN:52,buildPropertyOrApply
FN:61,selector2Bracket
FN:72,(anonymous_6)
FN:73,(anonymous_7)
FN:76,buildArray
FN:89,buildDo
FN:101,buildObject
FN:114,checkNonEmpty
FN:119,dealWithError
FNF:13
FNH:12
FNDA:1229,buildNode
FNDA:140,buildNumberValue
FNDA:84,buildStringValue
FNDA:640,buildWordApplies
FNDA:355,buildPropertyOrApply
FNDA:32,selector2Bracket
FNDA:114,(anonymous_6)
FNDA:241,(anonymous_7)
FNDA:9,buildArray
FNDA:0,buildDo
FNDA:1,buildObject
FNDA:51,checkNonEmpty
FNDA:1,dealWithError
DA:8,1229
DA:9,355
DA:10,308
DA:11,308
DA:13,47
DA:14,47
DA:15,9
DA:17,47
DA:18,47
DA:22,140
DA:27,140
DA:31,84
DA:32,84
DA:33,84
DA:34,84
DA:40,84
DA:44,640
DA:49,640
DA:53,355
DA:58,355
DA:62,32
DA:63,32
DA:71,1
DA:72,114
DA:73,241
DA:77,9
DA:86,9
DA:90,0
DA:102,1
DA:111,1
DA:115,51
DA:116,51
DA:120,1
DA:123,1
LF:34
LH:33
BRDA:8,0,0,874
BRDA:8,0,1,355
BRDA:9,1,0,308
BRDA:9,1,1,47
BRDA:115,2,0,0
BRDA:115,2,1,51
BRF:6
BRH:5
end_of_record
TN:
SF:src/grammar.js
FN:3,(anonymous_0)
FN:4,id
FN:41,(anonymous_2)
FN:45,(anonymous_3)
FN:46,(anonymous_4)
FN:47,(anonymous_5)
FN:50,(anonymous_6)
FN:51,(anonymous_7)
FN:52,(anonymous_8)
FN:53,(anonymous_9)
FNF:10
FNH:10
FNDA:1,(anonymous_0)
FNDA:382,id
FNDA:658,(anonymous_2)
FNDA:234,(anonymous_3)
FNDA:51,(anonymous_4)
FNDA:1,(anonymous_5)
FNDA:546,(anonymous_6)
FNDA:1440,(anonymous_7)
FNDA:816,(anonymous_8)
FNDA:216,(anonymous_9)
DA:3,1
DA:4,382
DA:12,1
DA:25,1
DA:27,1
DA:41,658
DA:45,234
DA:46,51
DA:47,1
DA:50,546
DA:51,1440
DA:52,816
DA:53,216
DA:58,1
DA:59,1
DA:61,0
LF:16
LH:15
BRDA:30,0,0,1
BRDA:30,0,1,0
BRDA:31,1,0,1
BRDA:31,1,1,0
BRDA:32,2,0,1
BRDA:32,2,1,0
BRDA:33,3,0,1
BRDA:33,3,1,0
BRDA:34,4,0,1
BRDA:34,4,1,0
BRDA:38,5,0,1
BRDA:38,5,1,0
BRDA:48,6,0,1
BRDA:48,6,1,0
BRDA:49,7,0,1
BRDA:49,7,1,0
BRDA:58,8,0,1
BRDA:58,8,1,0
BRDA:58,9,0,1
BRDA:58,9,1,1
BRF:20
BRH:11
end_of_record
TN:
SF:src/lex-pl.js
FN:4,colonTransformer
FN:5,(anonymous_1)
FN:17,numberToDotsTransformer
FN:18,(anonymous_3)
FNF:4
FNH:4
FNDA:30,colonTransformer
FNDA:1458,(anonymous_1)
FNDA:30,numberToDotsTransformer
FNDA:1458,(anonymous_3)
DA:1,1
DA:2,1
DA:5,30
DA:6,1458
DA:7,26
DA:8,26
DA:9,26
DA:10,26
DA:11,26
DA:14,30
DA:18,30
DA:19,1458
DA:20,1458
DA:25,0
DA:26,0
DA:27,0
DA:28,0
DA:33,0
DA:40,30
DA:43,1
DA:47,1
LF:21
LH:16
BRDA:6,0,0,26
BRDA:6,0,1,1432
BRDA:20,1,0,0
BRDA:20,1,1,1458
BRDA:21,2,0,1458
BRDA:21,2,1,32
BRDA:21,2,2,0
BRF:7
BRH:5
end_of_record
TN:
SF:src/parse.js
FN:10,parBalance
FN:12,(anonymous_1)
FN:19,parse
FN:34,parseFromFile
FN:45,(anonymous_4)
FNF:5
FNH:1
FNDA:0,parBalance
FNDA:0,(anonymous_1)
FNDA:0,parse
FNDA:30,parseFromFile
FNDA:0,(anonymous_4)
DA:2,1
DA:3,1
DA:4,1
DA:5,1
DA:6,1
DA:11,0
DA:12,0
DA:13,0
DA:14,0
DA:16,0
DA:21,0
DA:22,0
DA:24,0
DA:25,0
DA:35,30
DA:37,30
DA:38,30
DA:39,30
DA:40,27
DA:42,27
DA:45,1
DA:46,0
DA:47,0
DA:48,0
DA:49,0
DA:50,0
DA:51,0
DA:53,0
DA:54,0
DA:57,0
DA:60,1
LF:31
LH:13
BRDA:13,0,0,0
BRDA:13,0,1,0
BRDA:14,1,0,0
BRDA:14,1,1,0
BRF:4
BRH:0
end_of_record
TN:
SF:src/tokens.js
FN:3,(anonymous_0)
FNF:1
FNH:1
FNDA:126,(anonymous_0)
DA:1,1
DA:2,1
DA:3,1
DA:4,126
DA:5,126
DA:7,1
DA:8,1
DA:9,1
DA:10,1
DA:11,1
DA:12,1
DA:13,1
DA:14,1
DA:15,1
DA:16,1
DA:17,1
DA:18,1
DA:21,1
DA:38,1
LF:19
LH:19
BRDA:4,0,0,0
BRDA:4,0,1,126
BRF:2
BRH:1
end_of_record
TN:
SF:src/utils.js
FN:9,(anonymous_0)
FN:10,(anonymous_1)
FN:11,(anonymous_2)
FN:12,(anonymous_3)
FN:13,(anonymous_4)
FNF:5
FNH:3
FNDA:1,(anonymous_0)
FNDA:8080,(anonymous_1)
FNDA:0,(anonymous_2)
FNDA:54,(anonymous_3)
FNDA:0,(anonymous_4)
DA:1,1
DA:4,1
DA:6,1
DA:7,1
DA:9,1
DA:10,8080
DA:11,1
DA:12,54
DA:13,1
DA:15,1
LF:10
LH:10
BRDA:10,0,0,1184
BRDA:10,0,1,6896
BRDA:11,1,0,0
BRDA:11,1,1,0
BRF:4
BRH:2
end_of_record
