TN:
SF:src/build-ast.js
FN:7,buildNode
FN:21,buildNumberValue
FN:30,buildStringValue
FN:43,buildWordApplies
FN:52,buildPropertyOrApply
FN:61,selector2Bracket
FN:72,(anonymous_6)
FN:73,(anonymous_7)
FN:76,buildArray
FN:89,buildDo
FN:101,buildObject
FN:114,checkNonEmpty
FN:119,dealWithError
FNF:13
FNH:13
FNDA:1237,buildNode
FNDA:141,buildNumberValue
FNDA:85,buildStringValue
FNDA:642,buildWordApplies
FNDA:357,buildPropertyOrApply
FNDA:33,selector2Bracket
FNDA:115,(anonymous_6)
FNDA:242,(anonymous_7)
FNDA:9,buildArray
FNDA:1,buildDo
FNDA:3,buildObject
FNDA:52,checkNonEmpty
FNDA:1,dealWithError
DA:8,1237
DA:9,357
DA:10,310
DA:11,310
DA:13,47
DA:14,47
DA:15,9
DA:17,47
DA:18,47
DA:22,141
DA:27,141
DA:31,85
DA:32,85
DA:33,85
DA:34,85
DA:40,85
DA:44,642
DA:49,642
DA:53,357
DA:58,357
DA:62,33
DA:63,33
DA:71,1
DA:72,115
DA:73,242
DA:77,9
DA:86,9
DA:90,1
DA:102,3
DA:111,3
DA:115,52
DA:116,51
DA:120,1
DA:123,1
LF:34
LH:34
BRDA:8,0,0,880
BRDA:8,0,1,357
BRDA:9,1,0,310
BRDA:9,1,1,47
BRDA:115,2,0,1
BRDA:115,2,1,51
BRF:6
BRH:6
end_of_record
TN:
SF:src/grammar.js
FN:3,(anonymous_0)
FN:4,id
FN:41,(anonymous_2)
FN:45,(anonymous_3)
FN:46,(anonymous_4)
FN:47,(anonymous_5)
FN:50,(anonymous_6)
FN:51,(anonymous_7)
FN:52,(anonymous_8)
FN:53,(anonymous_9)
FNF:10
FNH:10
FNDA:1,(anonymous_0)
FNDA:385,id
FNDA:661,(anonymous_2)
FNDA:235,(anonymous_3)
FNDA:52,(anonymous_4)
FNDA:2,(anonymous_5)
FNDA:551,(anonymous_6)
FNDA:1442,(anonymous_7)
FNDA:822,(anonymous_8)
FNDA:219,(anonymous_9)
DA:3,1
DA:4,385
DA:12,1
DA:25,1
DA:27,1
DA:41,661
DA:45,235
DA:46,52
DA:47,2
DA:50,551
DA:51,1442
DA:52,822
DA:53,219
DA:58,1
DA:59,1
DA:61,0
LF:16
LH:15
BRDA:30,0,0,1
BRDA:30,0,1,0
BRDA:31,1,0,1
BRDA:31,1,1,0
BRDA:32,2,0,1
BRDA:32,2,1,0
BRDA:33,3,0,1
BRDA:33,3,1,0
BRDA:34,4,0,1
BRDA:34,4,1,0
BRDA:38,5,0,1
BRDA:38,5,1,0
BRDA:48,6,0,1
BRDA:48,6,1,0
BRDA:49,7,0,1
BRDA:49,7,1,0
BRDA:58,8,0,1
BRDA:58,8,1,0
BRDA:58,9,0,1
BRDA:58,9,1,1
BRF:20
BRH:11
end_of_record
TN:
SF:src/lex-pl.js
FN:4,colonTransformer
FN:5,(anonymous_1)
FN:17,numberToDotsTransformer
FN:18,(anonymous_3)
FNF:4
FNH:4
FNDA:32,colonTransformer
FNDA:1472,(anonymous_1)
FNDA:32,numberToDotsTransformer
FNDA:1472,(anonymous_3)
DA:1,1
DA:2,1
DA:5,32
DA:6,1472
DA:7,27
DA:8,27
DA:9,27
DA:10,27
DA:11,27
DA:14,32
DA:18,32
DA:19,1472
DA:20,1472
DA:25,0
DA:26,0
DA:27,0
DA:28,0
DA:33,0
DA:40,32
DA:43,1
DA:47,1
LF:21
LH:16
BRDA:6,0,0,27
BRDA:6,0,1,1445
BRDA:20,1,0,0
BRDA:20,1,1,1472
BRDA:21,2,0,1472
BRDA:21,2,1,33
BRDA:21,2,2,0
BRF:7
BRH:5
end_of_record
TN:
SF:src/parse.js
FN:10,parBalance
FN:12,(anonymous_1)
FN:19,parse
FN:34,parseFromFile
FN:43,(anonymous_4)
FNF:5
FNH:1
FNDA:0,parBalance
FNDA:0,(anonymous_1)
FNDA:0,parse
FNDA:32,parseFromFile
FNDA:0,(anonymous_4)
DA:2,1
DA:3,1
DA:4,1
DA:5,1
DA:6,1
DA:11,0
DA:12,0
DA:13,0
DA:14,0
DA:16,0
DA:21,0
DA:22,0
DA:24,0
DA:25,0
DA:35,32
DA:36,32
DA:37,32
DA:38,28
DA:40,28
DA:43,1
DA:44,0
DA:45,0
DA:46,0
DA:47,0
DA:48,0
DA:49,0
DA:51,0
DA:52,0
DA:55,0
DA:58,1
LF:30
LH:12
BRDA:13,0,0,0
BRDA:13,0,1,0
BRDA:14,1,0,0
BRDA:14,1,1,0
BRF:4
BRH:0
end_of_record
TN:
SF:src/tokens.js
FN:3,(anonymous_0)
FNF:1
FNH:1
FNDA:127,(anonymous_0)
DA:1,1
DA:2,1
DA:3,1
DA:4,127
DA:5,127
DA:7,1
DA:8,1
DA:9,1
DA:10,1
DA:11,1
DA:12,1
DA:13,1
DA:14,1
DA:15,1
DA:16,1
DA:17,1
DA:18,1
DA:21,1
DA:38,1
LF:19
LH:19
BRDA:4,0,0,0
BRDA:4,0,1,127
BRF:2
BRH:1
end_of_record
TN:
SF:src/utils.js
FN:9,(anonymous_0)
FN:10,(anonymous_1)
FN:11,(anonymous_2)
FN:12,(anonymous_3)
FN:13,(anonymous_4)
FNF:5
FNH:3
FNDA:1,(anonymous_0)
FNDA:8156,(anonymous_1)
FNDA:0,(anonymous_2)
FNDA:56,(anonymous_3)
FNDA:0,(anonymous_4)
DA:1,1
DA:4,1
DA:6,1
DA:7,1
DA:9,1
DA:10,8156
DA:11,1
DA:12,56
DA:13,1
DA:15,1
LF:10
LH:10
BRDA:10,0,0,1184
BRDA:10,0,1,6972
BRDA:11,1,0,0
BRDA:11,1,1,0
BRF:4
BRH:2
end_of_record
